\BOOKMARK [1][-]{section.1}{GIOoI THIEeU}{}% 1
\BOOKMARK [2][-]{subsection.1.1}{Daat vaan dee}{section.1}% 2
\BOOKMARK [3][-]{subsubsection.1.1.1}{B\340i to\341n}{subsection.1.1}% 3
\BOOKMARK [3][-]{subsubsection.1.1.2}{Kh\363 khan}{subsection.1.1}% 4
\BOOKMARK [2][-]{subsection.1.2}{MUuc ti\352u dee t\340i}{section.1}% 5
\BOOKMARK [3][-]{subsubsection.1.2.1}{\301p dUung boo lOoc Sobel}{subsection.1.2}% 6
\BOOKMARK [3][-]{subsubsection.1.2.2}{Song song h\363a Sobel}{subsection.1.2}% 7
\BOOKMARK [3][-]{subsubsection.1.2.3}{Keet hoop model hOoc s\342u}{subsection.1.2}% 8
\BOOKMARK [2][-]{subsection.1.3}{Phaam vi nghi\352n cuuu}{section.1}% 9
\BOOKMARK [2][-]{subsection.1.4}{D\363ng g\363p cuua dee t\340i}{section.1}% 10
\BOOKMARK [1][-]{section.2}{CO SOo L\335 THUYEeT}{}% 11
\BOOKMARK [2][-]{subsection.2.1}{Toong quan xuu l\375 aanh soo}{section.2}% 12
\BOOKMARK [3][-]{subsubsection.2.1.1}{Kh\341i nieem co baan}{subsection.2.1}% 13
\BOOKMARK [3][-]{subsubsection.2.1.2}{LOoc kh\364ng gian \(Spatial Filtering\)}{subsection.2.1}% 14
\BOOKMARK [2][-]{subsection.2.2}{Boo lOoc Sobel}{section.2}% 15
\BOOKMARK [3][-]{subsubsection.2.2.1}{Nguy\352n l\375 ph\341t hieen bi\352n}{subsection.2.2}% 16
\BOOKMARK [3][-]{subsubsection.2.2.2}{Kernel Sobel}{subsection.2.2}% 17
\BOOKMARK [3][-]{subsubsection.2.2.3}{Tinh doo loon gradient}{subsection.2.2}% 18
\BOOKMARK [3][-]{subsubsection.2.2.4}{Daac dieem}{subsection.2.2}% 19
\BOOKMARK [2][-]{subsection.2.3}{Song song trong xuu l\375 aanh}{section.2}% 20
\BOOKMARK [3][-]{subsubsection.2.3.1}{Tinh chaat}{subsection.2.3}% 21
\BOOKMARK [3][-]{subsubsection.2.3.2}{C\341c m\364 h\354nh song song}{subsection.2.3}% 22
\BOOKMARK [2][-]{subsection.2.4}{B\340i to\341n ph\341t hieen bieen soo xe}{section.2}% 23
\BOOKMARK [3][-]{subsubsection.2.4.1}{Object Detection}{subsection.2.4}% 24
\BOOKMARK [3][-]{subsubsection.2.4.2}{C\341c huoong tieep caan}{subsection.2.4}% 25
\BOOKMARK [2][-]{subsection.2.5}{M\364 h\354nh hOoc s\342u suu dUung}{section.2}% 26
\BOOKMARK [3][-]{subsubsection.2.5.1}{YOLOv5}{subsection.2.5}% 27
\BOOKMARK [1][-]{section.3}{PHUONG PH\301P DEe XUAaT}{}% 28
\BOOKMARK [2][-]{subsection.3.1}{Toong quan hee thoong}{section.3}% 29
\BOOKMARK [3][-]{subsubsection.3.1.1}{Pipeline xuu l\375}{subsection.3.1}% 30
\BOOKMARK [3][-]{subsubsection.3.1.2}{C\341c th\340nh phaan ch\355nh}{subsection.3.1}% 31
\BOOKMARK [2][-]{subsection.3.2}{Sobel song song}{section.3}% 32
\BOOKMARK [3][-]{subsubsection.3.2.1}{C\341ch chia aanh}{subsection.3.2}% 33
\BOOKMARK [3][-]{subsubsection.3.2.2}{Chieen luooc song song}{subsection.3.2}% 34
\BOOKMARK [3][-]{subsubsection.3.2.3}{Pseudocode Sobel song song}{subsection.3.2}% 35
\BOOKMARK [2][-]{subsection.3.3}{T\355ch hoop Sobel v\340o pipeline AI}{section.3}% 36
\BOOKMARK [3][-]{subsubsection.3.3.1}{Sobel truooc model}{subsection.3.3}% 37
\BOOKMARK [3][-]{subsubsection.3.3.2}{Chuaan h\363a aanh}{subsection.3.3}% 38
\BOOKMARK [3][-]{subsubsection.3.3.3}{Resize ph\371 hoop input model}{subsection.3.3}% 39
\BOOKMARK [2][-]{subsection.3.4}{M\364 h\354nh ph\341t hieen bieen soo}{section.3}% 40
\BOOKMARK [3][-]{subsubsection.3.4.1}{Caau tr\372c model}{subsection.3.4}% 41
\BOOKMARK [3][-]{subsubsection.3.4.2}{Input shape}{subsection.3.4}% 42
\BOOKMARK [3][-]{subsubsection.3.4.3}{Output bounding box}{subsection.3.4}% 43
\BOOKMARK [3][-]{subsubsection.3.4.4}{Tham soo huaan luyeen}{subsection.3.4}% 44
\BOOKMARK [2][-]{subsection.3.5}{Luoong xuu l\375 toong thee}{section.3}% 45
\BOOKMARK [3][-]{subsubsection.3.5.1}{So doo khooi hee thoong}{subsection.3.5}% 46
\BOOKMARK [3][-]{subsubsection.3.5.2}{Tr\354nh tuu xuu l\375 duu lieeu}{subsection.3.5}% 47
\BOOKMARK [1][-]{section.4}{C\300I DAaT V\300 THUuC NGHIEeM}{}% 48
\BOOKMARK [2][-]{subsection.4.1}{M\364i truoong thuuc nghieem}{section.4}% 49
\BOOKMARK [3][-]{subsubsection.4.1.1}{Phaan cuung}{subsection.4.1}% 50
\BOOKMARK [3][-]{subsubsection.4.1.2}{Phaan meem}{subsection.4.1}% 51
\BOOKMARK [2][-]{subsection.4.2}{Dataset}{section.4}% 52
\BOOKMARK [3][-]{subsubsection.4.2.1}{Nguoon duu lieeu}{subsection.4.2}% 53
\BOOKMARK [3][-]{subsubsection.4.2.2}{Soo luoong aanh}{subsection.4.2}% 54
\BOOKMARK [3][-]{subsubsection.4.2.3}{Dieeu kieen chUup}{subsection.4.2}% 55
\BOOKMARK [2][-]{subsection.4.3}{C\341c kiich baan thuuc nghieem}{section.4}% 56
\BOOKMARK [3][-]{subsubsection.4.3.1}{Kh\364ng Sobel}{subsection.4.3}% 57
\BOOKMARK [3][-]{subsubsection.4.3.2}{Sobel don luoong}{subsection.4.3}% 58
\BOOKMARK [3][-]{subsubsection.4.3.3}{Sobel song song}{subsection.4.3}% 59
\BOOKMARK [2][-]{subsection.4.4}{ChIi soo d\341nh gi\341}{section.4}% 60
\BOOKMARK [3][-]{subsubsection.4.4.1}{Doo ch\355nh x\341c \(Precision, Recall, mAP\)}{subsection.4.4}% 61
\BOOKMARK [3][-]{subsubsection.4.4.2}{Thooi gian xuu l\375}{subsection.4.4}% 62
\BOOKMARK [3][-]{subsubsection.4.4.3}{FPS \(Frames Per Second\)}{subsection.4.4}% 63
\BOOKMARK [3][-]{subsubsection.4.4.4}{Latency}{subsection.4.4}% 64
\BOOKMARK [2][-]{subsection.4.5}{Keet quaa thuuc nghieem}{section.4}% 65
\BOOKMARK [3][-]{subsubsection.4.5.1}{Baang so s\341nh hieeu nang Sobel Filter}{subsection.4.5}% 66
\BOOKMARK [3][-]{subsubsection.4.5.2}{Ph\342n t\355ch keet quaa}{subsection.4.5}% 67
\BOOKMARK [3][-]{subsubsection.4.5.3}{Bieeu doo hieeu nang}{subsection.4.5}% 68
\BOOKMARK [3][-]{subsubsection.4.5.4}{Keet quaa Detection v\340 OCR}{subsection.4.5}% 69
\BOOKMARK [1][-]{section.5}{D\301NH GI\301 V\300 THAaO LUAaN}{}% 70
\BOOKMARK [2][-]{subsection.5.1}{Ph\342n t\355ch keet quaa}{section.5}% 71
\BOOKMARK [3][-]{subsubsection.5.1.1}{Sobel aanh huoong thee n\340o tooi model}{subsection.5.1}% 72
\BOOKMARK [3][-]{subsubsection.5.1.2}{Looi \355ch song song h\363a}{subsection.5.1}% 73
\BOOKMARK [3][-]{subsubsection.5.1.3}{So s\341nh c\341c phuong ph\341p song song}{subsection.5.1}% 74
\BOOKMARK [2][-]{subsection.5.2}{So s\341nh vooi phuong ph\341p kh\341c}{section.5}% 75
\BOOKMARK [3][-]{subsubsection.5.2.1}{Kh\364ng tieen xuu l\375}{subsection.5.2}% 76
\BOOKMARK [3][-]{subsubsection.5.2.2}{Tieen xuu l\375 truyeen thoong}{subsection.5.2}% 77
\BOOKMARK [2][-]{subsection.5.3}{Haan chee cuua dee t\340i}{section.5}% 78
\BOOKMARK [3][-]{subsubsection.5.3.1}{Nhaay nhieeu}{subsection.5.3}% 79
\BOOKMARK [3][-]{subsubsection.5.3.2}{Dieeu kieen \341nh s\341ng xaau}{subsection.5.3}% 80
\BOOKMARK [3][-]{subsubsection.5.3.3}{T\340i nguy\352n phaan cuung}{subsection.5.3}% 81
\BOOKMARK [1][-]{section.6}{KEeT LUAaN V\300 HUOoNG PH\301T TRIEeN}{}% 82
\BOOKMARK [2][-]{subsection.6.1}{Keet luaan}{section.6}% 83
\BOOKMARK [3][-]{subsubsection.6.1.1}{Toong keet keet quaa daat duooc}{subsection.6.1}% 84
\BOOKMARK [3][-]{subsubsection.6.1.2}{Muuc caai thieen so vooi baseline}{subsection.6.1}% 85
\BOOKMARK [3][-]{subsubsection.6.1.3}{D\363ng g\363p ch\355nh}{subsection.6.1}% 86
\BOOKMARK [2][-]{subsection.6.2}{Huoong ph\341t trieen}{section.6}% 87
\BOOKMARK [3][-]{subsubsection.6.2.1}{OCR bieen soo}{subsection.6.2}% 88
\BOOKMARK [3][-]{subsubsection.6.2.2}{Real-time video}{subsection.6.2}% 89
\BOOKMARK [3][-]{subsubsection.6.2.3}{Trieen khai Edge AI}{subsection.6.2}% 90
\BOOKMARK [3][-]{subsubsection.6.2.4}{Tooi uu GPU s\342u hon}{subsection.6.2}% 91
\BOOKMARK [3][-]{subsubsection.6.2.5}{Moo roong chuuc nang}{subsection.6.2}% 92
\BOOKMARK [1][-]{appendix.A}{Code Examples}{}% 93
\BOOKMARK [2][-]{subsection.A.1}{Sobel SIMD Implementation}{appendix.A}% 94
\BOOKMARK [2][-]{subsection.A.2}{Sobel CUDA Kernel}{appendix.A}% 95
\BOOKMARK [2][-]{subsection.A.3}{Pipeline Multi-threading}{appendix.A}% 96
\BOOKMARK [1][-]{appendix.B}{Build Instructions}{}% 97
\BOOKMARK [1][-]{appendix.C}{T\340i lieeu tham khaao}{}% 98
